<?xml version="1.0" encoding="UTF-8"?>
<!-- Generated by org.testng.reporters.JUnitXMLReporter -->
<testsuite ignored="0" hostname="LAPTOP-R29MUJG7" failures="1" tests="1" name="Test" time="11.377" errors="0" timestamp="2026-03-17T14:21:07 GMT">
  <testcase classname="testscript.ManageCategoryTest" name="ManageCategory" time="2.243">
    <failure type="org.openqa.selenium.NoSuchElementException" message="Unable to locate element: //input[@id=&amp;apos;category&amp;apos;]
For documentation on this error, please visit: https://www.selenium.dev/documentation/webdriver/troubleshooting/errors#nosuchelementexception
Build info: version: &amp;apos;4.38.0&amp;apos;, revision: &amp;apos;6b412e825c*&amp;apos;
System info: os.name: &amp;apos;Windows 11&amp;apos;, os.arch: &amp;apos;amd64&amp;apos;, os.version: &amp;apos;10.0&amp;apos;, java.version: &amp;apos;17.0.17&amp;apos;
Driver info: org.openqa.selenium.firefox.FirefoxDriver
Command: [9c37f72d-7fec-4811-ab15-9039ef6dd5ff, findElement {using=xpath, value=//input[@id=&amp;apos;category&amp;apos;]}]
Capabilities {acceptInsecureCerts: true, browserName: firefox, browserVersion: 148.0.2, moz:accessibilityChecks: false, moz:buildID: 20260309125808, moz:geckodriverVersion: 0.36.0, moz:headless: false, moz:platformVersion: 10.0, moz:processID: 51364, moz:profile: C:\Users\RACHANA\AppData\Lo..., moz:shutdownTimeout: 60000, moz:webdriverClick: true, moz:windowless: false, pageLoadStrategy: normal, platformName: windows, proxy: Proxy(), setWindowRect: true, strictFileInteractability: false, timeouts: {implicit: 0, pageLoad: 300000, script: 30000}, unhandledPromptBehavior: dismiss and notify, userAgent: Mozilla/5.0 (Windows NT 10....}
Session ID: 9c37f72d-7fec-4811-ab15-9039ef6dd5ff">
      <![CDATA[org.openqa.selenium.NoSuchElementException: Unable to locate element: //input[@id='category']
For documentation on this error, please visit: https://www.selenium.dev/documentation/webdriver/troubleshooting/errors#nosuchelementexception
Build info: version: '4.38.0', revision: '6b412e825c*'
System info: os.name: 'Windows 11', os.arch: 'amd64', os.version: '10.0', java.version: '17.0.17'
Driver info: org.openqa.selenium.firefox.FirefoxDriver
Command: [9c37f72d-7fec-4811-ab15-9039ef6dd5ff, findElement {using=xpath, value=//input[@id='category']}]
Capabilities {acceptInsecureCerts: true, browserName: firefox, browserVersion: 148.0.2, moz:accessibilityChecks: false, moz:buildID: 20260309125808, moz:geckodriverVersion: 0.36.0, moz:headless: false, moz:platformVersion: 10.0, moz:processID: 51364, moz:profile: C:\Users\RACHANA\AppData\Lo..., moz:shutdownTimeout: 60000, moz:webdriverClick: true, moz:windowless: false, pageLoadStrategy: normal, platformName: windows, proxy: Proxy(), setWindowRect: true, strictFileInteractability: false, timeouts: {implicit: 0, pageLoad: 300000, script: 30000}, unhandledPromptBehavior: dismiss and notify, userAgent: Mozilla/5.0 (Windows NT 10....}
Session ID: 9c37f72d-7fec-4811-ab15-9039ef6dd5ff
at org.openqa.selenium.remote.ErrorCodec.decode(ErrorCodec.java:167)
at org.openqa.selenium.remote.codec.w3c.W3CHttpResponseCodec.decode(W3CHttpResponseCodec.java:138)
at org.openqa.selenium.remote.codec.w3c.W3CHttpResponseCodec.decode(W3CHttpResponseCodec.java:50)
at org.openqa.selenium.remote.HttpCommandExecutor.execute(HttpCommandExecutor.java:215)
at org.openqa.selenium.remote.service.DriverCommandExecutor.invokeExecute(DriverCommandExecutor.java:216)
at org.openqa.selenium.remote.service.DriverCommandExecutor.execute(DriverCommandExecutor.java:174)
at org.openqa.selenium.remote.RemoteWebDriver.execute(RemoteWebDriver.java:557)
at org.openqa.selenium.remote.ElementLocation$ElementFinder$2.findElement(ElementLocation.java:165)
at org.openqa.selenium.remote.ElementLocation.findElement(ElementLocation.java:59)
at org.openqa.selenium.remote.RemoteWebDriver.findElement(RemoteWebDriver.java:380)
at org.openqa.selenium.remote.RemoteWebDriver.findElement(RemoteWebDriver.java:374)
at org.openqa.selenium.support.pagefactory.DefaultElementLocator.findElement(DefaultElementLocator.java:68)
at org.openqa.selenium.support.pagefactory.internal.LocatingElementHandler.invoke(LocatingElementHandler.java:38)
at jdk.proxy2/jdk.proxy2.$Proxy14.sendKeys(Unknown Source)
at pages.ManageCategoryPage.enterCatogary(ManageCategoryPage.java:38)
at testscript.ManageCategoryTest.ManageCategory(ManageCategoryTest.java:20)
at java.base/java.util.ArrayList.forEach(ArrayList.java:1511)
... Removed 32 stack frames]]>
    </failure>
  </testcase> <!-- ManageCategory -->
</testsuite> <!-- Test -->
